<?xml version="1.0" encoding="UTF-8"?>
<!-- Generated by org.testng.reporters.JUnitXMLReporter -->
<testsuite hostname="deelin" ignored="1" name="testMethodA" tests="3" failures="0" timestamp="21 Jul 2017 18:56:37 GMT" time="20.781" errors="0">
  <testcase name="testMethodA" time="3.46" classname="dataprovider.ParameterByITestContextInDataprovider"/>
  <testcase name="testMethodA" time="3.405" classname="dataprovider.ParameterByITestContextInDataprovider"/>
  <testcase name="testMethodA" time="3.372" classname="dataprovider.ParameterByITestContextInDataprovider"/>
  <testcase name="testMethodB" time="0.0" classname="dataprovider.ParameterByITestContextInDataprovider">
    <ignored/>
  </testcase> <!-- testMethodB -->
</testsuite> <!-- testMethodA -->
