<?xml version="1.0" encoding="UTF-8"?>
<!-- Generated by org.testng.reporters.JUnitXMLReporter -->
<testsuite hostname="deelin" ignored="1" name="testMethodB" tests="3" failures="0" timestamp="21 Jul 2017 18:56:54 GMT" time="16.506" errors="0">
  <testcase name="testMethodB" time="3.436" classname="dataprovider.ParameterByITestContextInDataprovider"/>
  <testcase name="testMethodB" time="3.397" classname="dataprovider.ParameterByITestContextInDataprovider"/>
  <testcase name="testMethodB" time="3.433" classname="dataprovider.ParameterByITestContextInDataprovider"/>
  <testcase name="testMethodA" time="0.0" classname="dataprovider.ParameterByITestContextInDataprovider">
    <ignored/>
  </testcase> <!-- testMethodA -->
</testsuite> <!-- testMethodB -->
