<?xml version="1.0" encoding="UTF-8"?>
<testng-results skipped="0" failed="0" ignored="0" total="1" passed="1">
  <reporter-output>
  </reporter-output>
  <suite name="Default suite" duration-ms="8821" started-at="2017-07-25T17:58:32Z" finished-at="2017-07-25T17:58:41Z">
    <groups>
    </groups>
    <test name="Default test" duration-ms="8821" started-at="2017-07-25T17:58:32Z" finished-at="2017-07-25T17:58:41Z">
      <class name="keyworddrivenframework.testCases.ExecuteTest">
        <test-method status="PASS" signature="testLogin()[pri:0, instance:keyworddrivenframework.testCases.ExecuteTest@5622fdf]" name="testLogin" duration-ms="8808" started-at="2017-07-25T23:28:32Z" finished-at="2017-07-25T23:28:41Z">
          <reporter-output>
          </reporter-output>
        </test-method> <!-- testLogin -->
      </class> <!-- keyworddrivenframework.testCases.ExecuteTest -->
    </test> <!-- Default test -->
  </suite> <!-- Default suite -->
</testng-results>
